c:\oe_20150908\openeaaglesswarmsims\build\vs2013\obj\debug\pixhawkhil\vc120.pdb
c:\oe_20150908\openeaaglesswarmsims\build\vs2013\obj\debug\pixhawkhil\vc120.idb
c:\oe_20150908\openeaaglesswarmsims\build\vs2013\obj\debug\pixhawkhil\serial.obj
c:\oe_20150908\openeaaglesswarmsims\build\vs2013\obj\debug\pixhawkhil\main.obj
c:\oe_20150908\openeaaglesswarmsims\build\vs2013\obj\debug\pixhawkhil\pixhawkap.obj
c:\oe_20150908\openeaaglesswarmsims\build\vs2013\obj\debug\pixhawkhil\swarmap.obj
c:\oe_20150908\openeaaglesswarmsims\build\vs2013\obj\debug\pixhawkhil\factory.obj
c:\oe_20150908\openeaaglesswarmsims\build\vs2013\obj\debug\pixhawkhil\swarmoca.obj
c:\oe_20150908\openeaaglesswarmsims\build\vs2013\obj\debug\pixhawkhil\uav.obj
c:\oe_20150908\openeaaglesswarmsims\build\vs2013\obj\debug\pixhawkhil\simoca.obj
c:\oe_20150908\openeaaglesswarmsims\build\vs2013\obj\debug\pixhawkhil\autopilot.obj
c:\oe_20150908\openeaaglesswarmsims\build\vs2013\obj\debug\pixhawkhil\simap.obj
c:\oe_20150908\openeaaglesswarmsims\build\vs2013\obj\debug\pixhawkhil\onboardcontrolagent.obj
c:\users\derek\documents\github\swarmsim\openeaaglesswarmsims\build\vs2013\obj\debug\pixhawkhil\vc120.pdb
c:\users\derek\documents\github\swarmsim\openeaaglesswarmsims\build\vs2013\obj\debug\pixhawkhil\vc120.idb
c:\users\derek\documents\github\swarmsim\openeaaglesswarmsims\build\vs2013\obj\debug\pixhawkhil\autopilot.obj
c:\users\derek\documents\github\swarmsim\openeaaglesswarmsims\build\vs2013\obj\debug\pixhawkhil\factory.obj
c:\users\derek\documents\github\swarmsim\openeaaglesswarmsims\build\vs2013\obj\debug\pixhawkhil\main.obj
c:\users\derek\documents\github\swarmsim\openeaaglesswarmsims\build\vs2013\obj\debug\pixhawkhil\onboardcontrolagent.obj
c:\users\derek\documents\github\swarmsim\openeaaglesswarmsims\build\vs2013\obj\debug\pixhawkhil\pixhawkap.obj
c:\users\derek\documents\github\swarmsim\openeaaglesswarmsims\build\vs2013\obj\debug\pixhawkhil\serial.obj
c:\users\derek\documents\github\swarmsim\openeaaglesswarmsims\build\vs2013\obj\debug\pixhawkhil\simap.obj
c:\users\derek\documents\github\swarmsim\openeaaglesswarmsims\build\vs2013\obj\debug\pixhawkhil\simoca.obj
c:\users\derek\documents\github\swarmsim\openeaaglesswarmsims\build\vs2013\obj\debug\pixhawkhil\uav.obj
c:\users\derek\documents\github\swarmsim\openeaaglesswarmsims\build\vs2013\obj\debug\pixhawkhil\swarmautopilot.obj
c:\users\derek\documents\github\swarmsim\openeaaglesswarmsims\build\vs2013\obj\debug\pixhawkhil\serialclass.obj
c:\oe_20150908\openeaaglesswarmsims\pixhawkhil\pixhawkhil.ilk
c:\oe_20150908\openeaaglesswarmsims\pixhawkhil\pixhawkhil.exe
c:\oe_20150908\openeaaglesswarmsims\pixhawkhil\pixhawkhil.pdb
c:\users\derek\documents\github\swarmsim\openeaaglesswarmsims\pixhawkhil\pixhawkhil.ilk
c:\users\derek\documents\github\swarmsim\openeaaglesswarmsims\pixhawkhil\pixhawkhil.exe
c:\users\derek\documents\github\swarmsim\openeaaglesswarmsims\pixhawkhil\pixhawkhil.pdb
c:\users\derek\documents\github\swarmsim\openeaaglesswarmsims\build\vs2013\obj\debug\pixhawkhil\pixhawkhil.res
c:\users\derek\documents\github\swarmsim\openeaaglesswarmsims\build\vs2013\obj\debug\pixhawkhil\swarmap.obj
c:\users\derek\documents\github\swarmsim\openeaaglesswarmsims\build\vs2013\obj\debug\pixhawkhil\swarmoca.obj
c:\users\derek\documents\github\swarmsim\openeaaglesswarmsims\build\vs2013\..\..\pixhawkhil\pixhawkhil.exe
c:\users\derek\documents\github\swarmsim\openeaaglesswarmsims\build\vs2013\obj\debug\pixhawkhil\pixhawkhil.tlog\cl.command.1.tlog
c:\users\derek\documents\github\swarmsim\openeaaglesswarmsims\build\vs2013\obj\debug\pixhawkhil\pixhawkhil.tlog\cl.read.1.tlog
c:\users\derek\documents\github\swarmsim\openeaaglesswarmsims\build\vs2013\obj\debug\pixhawkhil\pixhawkhil.tlog\cl.write.1.tlog
c:\users\derek\documents\github\swarmsim\openeaaglesswarmsims\build\vs2013\obj\debug\pixhawkhil\pixhawkhil.tlog\link.command.1.tlog
c:\users\derek\documents\github\swarmsim\openeaaglesswarmsims\build\vs2013\obj\debug\pixhawkhil\pixhawkhil.tlog\link.read.1.tlog
c:\users\derek\documents\github\swarmsim\openeaaglesswarmsims\build\vs2013\obj\debug\pixhawkhil\pixhawkhil.tlog\link.write.1.tlog
c:\users\derek\documents\github\swarmsim\openeaaglesswarmsims\build\vs2013\obj\debug\pixhawkhil\pixhawkhil.tlog\rc.command.1.tlog
c:\users\derek\documents\github\swarmsim\openeaaglesswarmsims\build\vs2013\obj\debug\pixhawkhil\pixhawkhil.tlog\rc.read.1.tlog
c:\users\derek\documents\github\swarmsim\openeaaglesswarmsims\build\vs2013\obj\debug\pixhawkhil\pixhawkhil.tlog\rc.write.1.tlog
