Build started 9/2/2015 11:41:02 PM.
     1>Project "C:\OE_20150811\OpenEaaglesSwarmSims\pixhawkComm\part1\part1\part1.vcxproj" on node 2 (build target(s)).
     1>InitializeBuildStatus:
         Touching "Debug\part1.unsuccessfulbuild".
       GenerateTargetFrameworkMonikerAttribute:
       Skipping target "GenerateTargetFrameworkMonikerAttribute" because all output files are up-to-date with respect to the input files.
       ClCompile:
         All outputs are up-to-date.
         c:\Program Files (x86)\Microsoft Visual Studio 10.0\VC\bin\CL.exe /c /AI"C:\Program Files (x86)\Reference Assemblies\Microsoft\Framework\.NETFramework\v4.0" /Zi /clr:pure /nologo /W3 /WX- /Od /Oy- /D WIN32 /D _DEBUG /D _UNICODE /D UNICODE /EHa /MDd /GS /fp:precise /Zc:wchar_t /Zc:forScope /Yu"StdAfx.h" /Fp"Debug\part1.pch" /Fo"Debug\\" /Fd"Debug\vc100.pdb" /TP /FU"C:\Program Files (x86)\Reference Assemblies\Microsoft\Framework\.NETFramework\v4.0\System.Core.dll" /FU"C:\Program Files (x86)\Reference Assemblies\Microsoft\Framework\.NETFramework\v4.0\System.Data.dll" /FU"C:\Program Files (x86)\Reference Assemblies\Microsoft\Framework\.NETFramework\v4.0\System.dll" /FU"C:\Program Files (x86)\Reference Assemblies\Microsoft\Framework\.NETFramework\v4.0\System.Drawing.dll" /FU"C:\Program Files (x86)\Reference Assemblies\Microsoft\Framework\.NETFramework\v4.0\System.Windows.Forms.dll" /FU"C:\Program Files (x86)\Reference Assemblies\Microsoft\Framework\.NETFramework\v4.0\System.Xml.dll" /analyze- /errorReport:prompt part1.cpp /clr:nostdlib 
         part1.cpp
         All outputs are up-to-date.
       CoreResGen:
         No resources are out of date with respect to their source files. Skipping resource generation.
       ResourceCompile:
         All outputs are up-to-date.
       Link:
         c:\Program Files (x86)\Microsoft Visual Studio 10.0\VC\bin\link.exe /ERRORREPORT:PROMPT /OUT:"C:\OE_20150811\OpenEaaglesSwarmSims\pixhawkComm\part1\Debug\part1.exe" /INCREMENTAL /NOLOGO /ASSEMBLYRESOURCE:Debug\part1.Form1.resources /MANIFEST /ManifestFile:"Debug\part1.exe.intermediate.manifest" /MANIFESTUAC:"level='asInvoker' uiAccess='false'" /DEBUG /PDB:"C:\OE_20150811\OpenEaaglesSwarmSims\pixhawkComm\part1\Debug\part1.pdb" /ASSEMBLYDEBUG /SUBSYSTEM:WINDOWS /TLBID:1 /ENTRY:"main" /DYNAMICBASE /FIXED:NO /NXCOMPAT /MACHINE:X86 Debug\app.res
         Debug\AssemblyInfo.obj
         Debug\part1.obj
         Debug\stdafx.obj
         "Debug\.NETFramework,Version=v4.0.AssemblyAttributes.obj"
         part1.vcxproj -> C:\OE_20150811\OpenEaaglesSwarmSims\pixhawkComm\part1\Debug\part1.exe
       Manifest:
         C:\Program Files (x86)\Microsoft SDKs\Windows\v7.0A\bin\mt.exe /nologo /verbose /outputresource:"C:\OE_20150811\OpenEaaglesSwarmSims\pixhawkComm\part1\Debug\part1.exe;#1" /manifest Debug\part1.exe.intermediate.manifest
       FinalizeBuildStatus:
         Deleting file "Debug\part1.unsuccessfulbuild".
         Touching "Debug\part1.lastbuildstate".
     1>Done Building Project "C:\OE_20150811\OpenEaaglesSwarmSims\pixhawkComm\part1\part1\part1.vcxproj" (build target(s)).

Build succeeded.

Time Elapsed 00:00:02.02
