C:\OE_20150811\OPENEAAGLESSWARMSIMS\PIXHAWKCOMM\PART1\DEBUG\PART1.EXE
C:\OE_20150811\OPENEAAGLESSWARMSIMS\PIXHAWKCOMM\PART1\DEBUG\PART1.ILK
C:\OE_20150811\OPENEAAGLESSWARMSIMS\PIXHAWKCOMM\PART1\DEBUG\PART1.PDB
C:\OE_20150811\OPENEAAGLESSWARMSIMS\PIXHAWKCOMM\PART1\PART1\DEBUG\.NETFRAMEWORK,VERSION=V4.0.ASSEMBLYATTRIBUTES.OBJ
C:\OE_20150811\OPENEAAGLESSWARMSIMS\PIXHAWKCOMM\PART1\PART1\DEBUG\APP.RES
C:\OE_20150811\OPENEAAGLESSWARMSIMS\PIXHAWKCOMM\PART1\PART1\DEBUG\ASSEMBLYINFO.OBJ
C:\OE_20150811\OpenEaaglesSwarmSims\pixhawkComm\part1\part1\Debug\cl.command.1.tlog
C:\OE_20150811\OpenEaaglesSwarmSims\pixhawkComm\part1\part1\Debug\CL.read.1.tlog
C:\OE_20150811\OpenEaaglesSwarmSims\pixhawkComm\part1\part1\Debug\CL.write.1.tlog
C:\OE_20150811\OpenEaaglesSwarmSims\pixhawkComm\part1\part1\Debug\GenerateResource.read.1.tlog
C:\OE_20150811\OpenEaaglesSwarmSims\pixhawkComm\part1\part1\Debug\GenerateResource.read.40.tlog
C:\OE_20150811\OpenEaaglesSwarmSims\pixhawkComm\part1\part1\Debug\GenerateResource.read.46.tlog
C:\OE_20150811\OpenEaaglesSwarmSims\pixhawkComm\part1\part1\Debug\GenerateResource.read.55.tlog
C:\OE_20150811\OpenEaaglesSwarmSims\pixhawkComm\part1\part1\Debug\GenerateResource.read.66.tlog
C:\OE_20150811\OpenEaaglesSwarmSims\pixhawkComm\part1\part1\Debug\GenerateResource.read.76.tlog
C:\OE_20150811\OpenEaaglesSwarmSims\pixhawkComm\part1\part1\Debug\GenerateResource.read.86.tlog
C:\OE_20150811\OpenEaaglesSwarmSims\pixhawkComm\part1\part1\Debug\GenerateResource.write.1.tlog
C:\OE_20150811\OpenEaaglesSwarmSims\pixhawkComm\part1\part1\Debug\GenerateResource.write.40.tlog
C:\OE_20150811\OpenEaaglesSwarmSims\pixhawkComm\part1\part1\Debug\GenerateResource.write.46.tlog
C:\OE_20150811\OpenEaaglesSwarmSims\pixhawkComm\part1\part1\Debug\GenerateResource.write.55.tlog
C:\OE_20150811\OpenEaaglesSwarmSims\pixhawkComm\part1\part1\Debug\GenerateResource.write.66.tlog
C:\OE_20150811\OpenEaaglesSwarmSims\pixhawkComm\part1\part1\Debug\GenerateResource.write.76.tlog
C:\OE_20150811\OpenEaaglesSwarmSims\pixhawkComm\part1\part1\Debug\GenerateResource.write.86.tlog
C:\OE_20150811\OpenEaaglesSwarmSims\pixhawkComm\part1\part1\Debug\link.10360.read.1.tlog
C:\OE_20150811\OpenEaaglesSwarmSims\pixhawkComm\part1\part1\Debug\link.10360.write.1.tlog
C:\OE_20150811\OpenEaaglesSwarmSims\pixhawkComm\part1\part1\Debug\link.10360-cvtres.read.1.tlog
C:\OE_20150811\OpenEaaglesSwarmSims\pixhawkComm\part1\part1\Debug\link.10360-cvtres.write.1.tlog
C:\OE_20150811\OpenEaaglesSwarmSims\pixhawkComm\part1\part1\Debug\link.10580.read.1.tlog
C:\OE_20150811\OpenEaaglesSwarmSims\pixhawkComm\part1\part1\Debug\link.10580.write.1.tlog
C:\OE_20150811\OpenEaaglesSwarmSims\pixhawkComm\part1\part1\Debug\link.10580-cvtres.read.1.tlog
C:\OE_20150811\OpenEaaglesSwarmSims\pixhawkComm\part1\part1\Debug\link.10580-cvtres.write.1.tlog
C:\OE_20150811\OpenEaaglesSwarmSims\pixhawkComm\part1\part1\Debug\link.10728.read.1.tlog
C:\OE_20150811\OpenEaaglesSwarmSims\pixhawkComm\part1\part1\Debug\link.10728.write.1.tlog
C:\OE_20150811\OpenEaaglesSwarmSims\pixhawkComm\part1\part1\Debug\link.10728-cvtres.read.1.tlog
C:\OE_20150811\OpenEaaglesSwarmSims\pixhawkComm\part1\part1\Debug\link.10728-cvtres.write.1.tlog
C:\OE_20150811\OpenEaaglesSwarmSims\pixhawkComm\part1\part1\Debug\link.11004.read.1.tlog
C:\OE_20150811\OpenEaaglesSwarmSims\pixhawkComm\part1\part1\Debug\link.11004.write.1.tlog
C:\OE_20150811\OpenEaaglesSwarmSims\pixhawkComm\part1\part1\Debug\link.11004-cvtres.read.1.tlog
C:\OE_20150811\OpenEaaglesSwarmSims\pixhawkComm\part1\part1\Debug\link.11004-cvtres.write.1.tlog
C:\OE_20150811\OpenEaaglesSwarmSims\pixhawkComm\part1\part1\Debug\link.11556.read.1.tlog
C:\OE_20150811\OpenEaaglesSwarmSims\pixhawkComm\part1\part1\Debug\link.11556.write.1.tlog
C:\OE_20150811\OpenEaaglesSwarmSims\pixhawkComm\part1\part1\Debug\link.11556-cvtres.read.1.tlog
C:\OE_20150811\OpenEaaglesSwarmSims\pixhawkComm\part1\part1\Debug\link.11556-cvtres.write.1.tlog
C:\OE_20150811\OpenEaaglesSwarmSims\pixhawkComm\part1\part1\Debug\link.12004.read.1.tlog
C:\OE_20150811\OpenEaaglesSwarmSims\pixhawkComm\part1\part1\Debug\link.12004.write.1.tlog
C:\OE_20150811\OpenEaaglesSwarmSims\pixhawkComm\part1\part1\Debug\link.12004-cvtres.read.1.tlog
C:\OE_20150811\OpenEaaglesSwarmSims\pixhawkComm\part1\part1\Debug\link.12004-cvtres.write.1.tlog
C:\OE_20150811\OpenEaaglesSwarmSims\pixhawkComm\part1\part1\Debug\link.13560.read.1.tlog
C:\OE_20150811\OpenEaaglesSwarmSims\pixhawkComm\part1\part1\Debug\link.13560.write.1.tlog
C:\OE_20150811\OpenEaaglesSwarmSims\pixhawkComm\part1\part1\Debug\link.13560-cvtres.read.1.tlog
C:\OE_20150811\OpenEaaglesSwarmSims\pixhawkComm\part1\part1\Debug\link.13560-cvtres.write.1.tlog
C:\OE_20150811\OpenEaaglesSwarmSims\pixhawkComm\part1\part1\Debug\link.1660.read.1.tlog
C:\OE_20150811\OpenEaaglesSwarmSims\pixhawkComm\part1\part1\Debug\link.1660.write.1.tlog
C:\OE_20150811\OpenEaaglesSwarmSims\pixhawkComm\part1\part1\Debug\link.1660-cvtres.read.1.tlog
C:\OE_20150811\OpenEaaglesSwarmSims\pixhawkComm\part1\part1\Debug\link.1660-cvtres.write.1.tlog
C:\OE_20150811\OpenEaaglesSwarmSims\pixhawkComm\part1\part1\Debug\link.3276.read.1.tlog
C:\OE_20150811\OpenEaaglesSwarmSims\pixhawkComm\part1\part1\Debug\link.3276.write.1.tlog
C:\OE_20150811\OpenEaaglesSwarmSims\pixhawkComm\part1\part1\Debug\link.3276-cvtres.read.1.tlog
C:\OE_20150811\OpenEaaglesSwarmSims\pixhawkComm\part1\part1\Debug\link.3276-cvtres.write.1.tlog
C:\OE_20150811\OpenEaaglesSwarmSims\pixhawkComm\part1\part1\Debug\link.3712.read.1.tlog
C:\OE_20150811\OpenEaaglesSwarmSims\pixhawkComm\part1\part1\Debug\link.3712.write.1.tlog
C:\OE_20150811\OpenEaaglesSwarmSims\pixhawkComm\part1\part1\Debug\link.3712-cvtres.read.1.tlog
C:\OE_20150811\OpenEaaglesSwarmSims\pixhawkComm\part1\part1\Debug\link.3712-cvtres.write.1.tlog
C:\OE_20150811\OpenEaaglesSwarmSims\pixhawkComm\part1\part1\Debug\link.3868.read.1.tlog
C:\OE_20150811\OpenEaaglesSwarmSims\pixhawkComm\part1\part1\Debug\link.3868.write.1.tlog
C:\OE_20150811\OpenEaaglesSwarmSims\pixhawkComm\part1\part1\Debug\link.3868-cvtres.read.1.tlog
C:\OE_20150811\OpenEaaglesSwarmSims\pixhawkComm\part1\part1\Debug\link.3868-cvtres.write.1.tlog
C:\OE_20150811\OpenEaaglesSwarmSims\pixhawkComm\part1\part1\Debug\link.4332.read.1.tlog
C:\OE_20150811\OpenEaaglesSwarmSims\pixhawkComm\part1\part1\Debug\link.4332.write.1.tlog
C:\OE_20150811\OpenEaaglesSwarmSims\pixhawkComm\part1\part1\Debug\link.4332-cvtres.read.1.tlog
C:\OE_20150811\OpenEaaglesSwarmSims\pixhawkComm\part1\part1\Debug\link.4332-cvtres.write.1.tlog
C:\OE_20150811\OpenEaaglesSwarmSims\pixhawkComm\part1\part1\Debug\link.6344.read.1.tlog
C:\OE_20150811\OpenEaaglesSwarmSims\pixhawkComm\part1\part1\Debug\link.6344.write.1.tlog
C:\OE_20150811\OpenEaaglesSwarmSims\pixhawkComm\part1\part1\Debug\link.6344-cvtres.read.1.tlog
C:\OE_20150811\OpenEaaglesSwarmSims\pixhawkComm\part1\part1\Debug\link.6344-cvtres.write.1.tlog
C:\OE_20150811\OpenEaaglesSwarmSims\pixhawkComm\part1\part1\Debug\link.6600.read.1.tlog
C:\OE_20150811\OpenEaaglesSwarmSims\pixhawkComm\part1\part1\Debug\link.6600.write.1.tlog
C:\OE_20150811\OpenEaaglesSwarmSims\pixhawkComm\part1\part1\Debug\link.6600-cvtres.read.1.tlog
C:\OE_20150811\OpenEaaglesSwarmSims\pixhawkComm\part1\part1\Debug\link.6600-cvtres.write.1.tlog
C:\OE_20150811\OpenEaaglesSwarmSims\pixhawkComm\part1\part1\Debug\link.6988.read.1.tlog
C:\OE_20150811\OpenEaaglesSwarmSims\pixhawkComm\part1\part1\Debug\link.6988.write.1.tlog
C:\OE_20150811\OpenEaaglesSwarmSims\pixhawkComm\part1\part1\Debug\link.6988-cvtres.read.1.tlog
C:\OE_20150811\OpenEaaglesSwarmSims\pixhawkComm\part1\part1\Debug\link.6988-cvtres.write.1.tlog
C:\OE_20150811\OpenEaaglesSwarmSims\pixhawkComm\part1\part1\Debug\link.7156.read.1.tlog
C:\OE_20150811\OpenEaaglesSwarmSims\pixhawkComm\part1\part1\Debug\link.7156.write.1.tlog
C:\OE_20150811\OpenEaaglesSwarmSims\pixhawkComm\part1\part1\Debug\link.7156-cvtres.read.1.tlog
C:\OE_20150811\OpenEaaglesSwarmSims\pixhawkComm\part1\part1\Debug\link.7156-cvtres.write.1.tlog
C:\OE_20150811\OpenEaaglesSwarmSims\pixhawkComm\part1\part1\Debug\link.7440.read.1.tlog
C:\OE_20150811\OpenEaaglesSwarmSims\pixhawkComm\part1\part1\Debug\link.7440.write.1.tlog
C:\OE_20150811\OpenEaaglesSwarmSims\pixhawkComm\part1\part1\Debug\link.7440-cvtres.read.1.tlog
C:\OE_20150811\OpenEaaglesSwarmSims\pixhawkComm\part1\part1\Debug\link.7440-cvtres.write.1.tlog
C:\OE_20150811\OpenEaaglesSwarmSims\pixhawkComm\part1\part1\Debug\link.7464.read.1.tlog
C:\OE_20150811\OpenEaaglesSwarmSims\pixhawkComm\part1\part1\Debug\link.7464.write.1.tlog
C:\OE_20150811\OpenEaaglesSwarmSims\pixhawkComm\part1\part1\Debug\link.7464-cvtres.read.1.tlog
C:\OE_20150811\OpenEaaglesSwarmSims\pixhawkComm\part1\part1\Debug\link.7464-cvtres.write.1.tlog
C:\OE_20150811\OpenEaaglesSwarmSims\pixhawkComm\part1\part1\Debug\link.7532.read.1.tlog
C:\OE_20150811\OpenEaaglesSwarmSims\pixhawkComm\part1\part1\Debug\link.7532.write.1.tlog
C:\OE_20150811\OpenEaaglesSwarmSims\pixhawkComm\part1\part1\Debug\link.7532-cvtres.read.1.tlog
C:\OE_20150811\OpenEaaglesSwarmSims\pixhawkComm\part1\part1\Debug\link.7532-cvtres.write.1.tlog
C:\OE_20150811\OpenEaaglesSwarmSims\pixhawkComm\part1\part1\Debug\link.8064.read.1.tlog
C:\OE_20150811\OpenEaaglesSwarmSims\pixhawkComm\part1\part1\Debug\link.8064.write.1.tlog
C:\OE_20150811\OpenEaaglesSwarmSims\pixhawkComm\part1\part1\Debug\link.8064-cvtres.read.1.tlog
C:\OE_20150811\OpenEaaglesSwarmSims\pixhawkComm\part1\part1\Debug\link.8064-cvtres.write.1.tlog
C:\OE_20150811\OpenEaaglesSwarmSims\pixhawkComm\part1\part1\Debug\link.8128.read.1.tlog
C:\OE_20150811\OpenEaaglesSwarmSims\pixhawkComm\part1\part1\Debug\link.8128.write.1.tlog
C:\OE_20150811\OpenEaaglesSwarmSims\pixhawkComm\part1\part1\Debug\link.8128-cvtres.read.1.tlog
C:\OE_20150811\OpenEaaglesSwarmSims\pixhawkComm\part1\part1\Debug\link.8128-cvtres.write.1.tlog
C:\OE_20150811\OpenEaaglesSwarmSims\pixhawkComm\part1\part1\Debug\link.8380.read.1.tlog
C:\OE_20150811\OpenEaaglesSwarmSims\pixhawkComm\part1\part1\Debug\link.8380.write.1.tlog
C:\OE_20150811\OpenEaaglesSwarmSims\pixhawkComm\part1\part1\Debug\link.8380-cvtres.read.1.tlog
C:\OE_20150811\OpenEaaglesSwarmSims\pixhawkComm\part1\part1\Debug\link.8380-cvtres.write.1.tlog
C:\OE_20150811\OpenEaaglesSwarmSims\pixhawkComm\part1\part1\Debug\link.8432.read.1.tlog
C:\OE_20150811\OpenEaaglesSwarmSims\pixhawkComm\part1\part1\Debug\link.8432.write.1.tlog
C:\OE_20150811\OpenEaaglesSwarmSims\pixhawkComm\part1\part1\Debug\link.8432-cvtres.read.1.tlog
C:\OE_20150811\OpenEaaglesSwarmSims\pixhawkComm\part1\part1\Debug\link.8432-cvtres.write.1.tlog
C:\OE_20150811\OpenEaaglesSwarmSims\pixhawkComm\part1\part1\Debug\link.8604.read.1.tlog
C:\OE_20150811\OpenEaaglesSwarmSims\pixhawkComm\part1\part1\Debug\link.8604.write.1.tlog
C:\OE_20150811\OpenEaaglesSwarmSims\pixhawkComm\part1\part1\Debug\link.8604-cvtres.read.1.tlog
C:\OE_20150811\OpenEaaglesSwarmSims\pixhawkComm\part1\part1\Debug\link.8604-cvtres.write.1.tlog
C:\OE_20150811\OpenEaaglesSwarmSims\pixhawkComm\part1\part1\Debug\link.8788.read.1.tlog
C:\OE_20150811\OpenEaaglesSwarmSims\pixhawkComm\part1\part1\Debug\link.8788.write.1.tlog
C:\OE_20150811\OpenEaaglesSwarmSims\pixhawkComm\part1\part1\Debug\link.8788-cvtres.read.1.tlog
C:\OE_20150811\OpenEaaglesSwarmSims\pixhawkComm\part1\part1\Debug\link.8788-cvtres.write.1.tlog
C:\OE_20150811\OpenEaaglesSwarmSims\pixhawkComm\part1\part1\Debug\link.9324.read.1.tlog
C:\OE_20150811\OpenEaaglesSwarmSims\pixhawkComm\part1\part1\Debug\link.9324.write.1.tlog
C:\OE_20150811\OpenEaaglesSwarmSims\pixhawkComm\part1\part1\Debug\link.9324-cvtres.read.1.tlog
C:\OE_20150811\OpenEaaglesSwarmSims\pixhawkComm\part1\part1\Debug\link.9324-cvtres.write.1.tlog
C:\OE_20150811\OpenEaaglesSwarmSims\pixhawkComm\part1\part1\Debug\link.9328.read.1.tlog
C:\OE_20150811\OpenEaaglesSwarmSims\pixhawkComm\part1\part1\Debug\link.9328.write.1.tlog
C:\OE_20150811\OpenEaaglesSwarmSims\pixhawkComm\part1\part1\Debug\link.9328-cvtres.read.1.tlog
C:\OE_20150811\OpenEaaglesSwarmSims\pixhawkComm\part1\part1\Debug\link.9328-cvtres.write.1.tlog
C:\OE_20150811\OpenEaaglesSwarmSims\pixhawkComm\part1\part1\Debug\link.936.read.1.tlog
C:\OE_20150811\OpenEaaglesSwarmSims\pixhawkComm\part1\part1\Debug\link.936.write.1.tlog
C:\OE_20150811\OpenEaaglesSwarmSims\pixhawkComm\part1\part1\Debug\link.936-cvtres.read.1.tlog
C:\OE_20150811\OpenEaaglesSwarmSims\pixhawkComm\part1\part1\Debug\link.936-cvtres.write.1.tlog
C:\OE_20150811\OpenEaaglesSwarmSims\pixhawkComm\part1\part1\Debug\link.9384.read.1.tlog
C:\OE_20150811\OpenEaaglesSwarmSims\pixhawkComm\part1\part1\Debug\link.9384.write.1.tlog
C:\OE_20150811\OpenEaaglesSwarmSims\pixhawkComm\part1\part1\Debug\link.9384-cvtres.read.1.tlog
C:\OE_20150811\OpenEaaglesSwarmSims\pixhawkComm\part1\part1\Debug\link.9384-cvtres.write.1.tlog
C:\OE_20150811\OpenEaaglesSwarmSims\pixhawkComm\part1\part1\Debug\link.9936.read.1.tlog
C:\OE_20150811\OpenEaaglesSwarmSims\pixhawkComm\part1\part1\Debug\link.9936.write.1.tlog
C:\OE_20150811\OpenEaaglesSwarmSims\pixhawkComm\part1\part1\Debug\link.9936-cvtres.read.1.tlog
C:\OE_20150811\OpenEaaglesSwarmSims\pixhawkComm\part1\part1\Debug\link.9936-cvtres.write.1.tlog
C:\OE_20150811\OpenEaaglesSwarmSims\pixhawkComm\part1\part1\Debug\link.command.1.tlog
C:\OE_20150811\OpenEaaglesSwarmSims\pixhawkComm\part1\part1\Debug\link.read.1.tlog
C:\OE_20150811\OpenEaaglesSwarmSims\pixhawkComm\part1\part1\Debug\link.write.1.tlog
C:\OE_20150811\OpenEaaglesSwarmSims\pixhawkComm\part1\part1\Debug\metagen.read.1.tlog
C:\OE_20150811\OpenEaaglesSwarmSims\pixhawkComm\part1\part1\Debug\metagen.write.1.tlog
C:\OE_20150811\OpenEaaglesSwarmSims\pixhawkComm\part1\part1\Debug\mt.command.1.tlog
C:\OE_20150811\OpenEaaglesSwarmSims\pixhawkComm\part1\part1\Debug\mt.read.1.tlog
C:\OE_20150811\OpenEaaglesSwarmSims\pixhawkComm\part1\part1\Debug\mt.write.1.tlog
C:\OE_20150811\OPENEAAGLESSWARMSIMS\PIXHAWKCOMM\PART1\PART1\DEBUG\PART1.EXE.INTERMEDIATE.MANIFEST
C:\OE_20150811\OpenEaaglesSwarmSims\pixhawkComm\part1\part1\Debug\part1.Form1.resources
C:\OE_20150811\OPENEAAGLESSWARMSIMS\PIXHAWKCOMM\PART1\PART1\DEBUG\PART1.OBJ
C:\OE_20150811\OPENEAAGLESSWARMSIMS\PIXHAWKCOMM\PART1\PART1\DEBUG\PART1.PCH
C:\OE_20150811\OpenEaaglesSwarmSims\pixhawkComm\part1\part1\Debug\part1.vcxproj.GenerateResource.Cache
C:\OE_20150811\OpenEaaglesSwarmSims\pixhawkComm\part1\part1\Debug\part1.vcxprojResolveAssemblyReference.cache
C:\OE_20150811\OpenEaaglesSwarmSims\pixhawkComm\part1\part1\Debug\part1.write.1.tlog
C:\OE_20150811\OpenEaaglesSwarmSims\pixhawkComm\part1\part1\Debug\rc.command.1.tlog
C:\OE_20150811\OpenEaaglesSwarmSims\pixhawkComm\part1\part1\Debug\rc.read.1.tlog
C:\OE_20150811\OpenEaaglesSwarmSims\pixhawkComm\part1\part1\Debug\rc.write.1.tlog
C:\OE_20150811\OpenEaaglesSwarmSims\pixhawkComm\part1\part1\Debug\RSAENH.DLL.bi
C:\OE_20150811\OPENEAAGLESSWARMSIMS\PIXHAWKCOMM\PART1\PART1\DEBUG\STDAFX.OBJ
C:\OE_20150811\OpenEaaglesSwarmSims\pixhawkComm\part1\part1\Debug\TZRES.DLL.bi
C:\OE_20150811\OPENEAAGLESSWARMSIMS\PIXHAWKCOMM\PART1\PART1\DEBUG\VC100.PDB
C:\USERS\DEREK\DOCUMENTS\OE_20150811\OPENEAAGLESSWARMSIMS\PIXHAWKCOMM\PART1\PART1\DEBUG\ASSEMBLYINFO.OBJ
C:\USERS\DEREK\DOCUMENTS\OE_20150811\OPENEAAGLESSWARMSIMS\PIXHAWKCOMM\PART1\PART1\DEBUG\PART1.PCH
C:\USERS\DEREK\DOCUMENTS\OE_20150811\OPENEAAGLESSWARMSIMS\PIXHAWKCOMM\PART1\PART1\DEBUG\STDAFX.OBJ
C:\USERS\DEREK\DOCUMENTS\OE_20150811\OPENEAAGLESSWARMSIMS\PIXHAWKCOMM\PART1\PART1\DEBUG\VC100.PDB
C:\USERS\KELVIN\DOCUMENTS\VISUAL STUDIO 2010\PROJECTS\CPP\YOUTUBE TUTORIAL CPP\PART1\DEBUG\PART1.EXE
C:\USERS\KELVIN\DOCUMENTS\VISUAL STUDIO 2010\PROJECTS\CPP\YOUTUBE TUTORIAL CPP\PART1\DEBUG\PART1.ILK
C:\USERS\KELVIN\DOCUMENTS\VISUAL STUDIO 2010\PROJECTS\CPP\YOUTUBE TUTORIAL CPP\PART1\DEBUG\PART1.PDB
C:\USERS\KELVIN\DOCUMENTS\VISUAL STUDIO 2010\PROJECTS\CPP\YOUTUBE TUTORIAL CPP\PART1\PART1\DEBUG\.NETFRAMEWORK,VERSION=V4.0.ASSEMBLYATTRIBUTES.OBJ
C:\USERS\KELVIN\DOCUMENTS\VISUAL STUDIO 2010\PROJECTS\CPP\YOUTUBE TUTORIAL CPP\PART1\PART1\DEBUG\APP.RES
C:\USERS\KELVIN\DOCUMENTS\VISUAL STUDIO 2010\PROJECTS\CPP\YOUTUBE TUTORIAL CPP\PART1\PART1\DEBUG\ASSEMBLYINFO.OBJ
C:\USERS\KELVIN\DOCUMENTS\VISUAL STUDIO 2010\PROJECTS\CPP\YOUTUBE TUTORIAL CPP\PART1\PART1\DEBUG\PART1.EXE.INTERMEDIATE.MANIFEST
C:\USERS\KELVIN\DOCUMENTS\VISUAL STUDIO 2010\PROJECTS\CPP\YOUTUBE TUTORIAL CPP\PART1\PART1\DEBUG\PART1.FORM1.RESOURCES
C:\USERS\KELVIN\DOCUMENTS\VISUAL STUDIO 2010\PROJECTS\CPP\YOUTUBE TUTORIAL CPP\PART1\PART1\DEBUG\PART1.OBJ
C:\USERS\KELVIN\DOCUMENTS\VISUAL STUDIO 2010\PROJECTS\CPP\YOUTUBE TUTORIAL CPP\PART1\PART1\DEBUG\PART1.PCH
C:\USERS\KELVIN\DOCUMENTS\VISUAL STUDIO 2010\PROJECTS\CPP\YOUTUBE TUTORIAL CPP\PART1\PART1\DEBUG\STDAFX.OBJ
C:\USERS\KELVIN\DOCUMENTS\VISUAL STUDIO 2010\PROJECTS\CPP\YOUTUBE TUTORIAL CPP\PART1\PART1\DEBUG\VC100.PDB
