c:\users\derek\documents\github\swarmsim\openeaaglesswarmsims\build\vs2013\obj\debug\pixhawkhilswarm\vc120.pdb
c:\users\derek\documents\github\swarmsim\openeaaglesswarmsims\build\vs2013\obj\debug\pixhawkhilswarm\vc120.idb
c:\users\derek\documents\github\swarmsim\openeaaglesswarmsims\build\vs2013\obj\debug\pixhawkhilswarm\factory.obj
c:\users\derek\documents\github\swarmsim\openeaaglesswarmsims\build\vs2013\obj\debug\pixhawkhilswarm\main.obj
c:\users\derek\documents\github\swarmsim\openeaaglesswarmsims\build\vs2013\obj\debug\pixhawkhilswarm\onboardcontrolagent.obj
c:\users\derek\documents\github\swarmsim\openeaaglesswarmsims\build\vs2013\obj\debug\pixhawkhilswarm\pixhawkap.obj
c:\users\derek\documents\github\swarmsim\openeaaglesswarmsims\build\vs2013\obj\debug\pixhawkhilswarm\serial.obj
c:\users\derek\documents\github\swarmsim\openeaaglesswarmsims\build\vs2013\obj\debug\pixhawkhilswarm\serialclass.obj
c:\users\derek\documents\github\swarmsim\openeaaglesswarmsims\build\vs2013\obj\debug\pixhawkhilswarm\simap.obj
c:\users\derek\documents\github\swarmsim\openeaaglesswarmsims\build\vs2013\obj\debug\pixhawkhilswarm\swarmautopilot.obj
c:\users\derek\documents\github\swarmsim\openeaaglesswarmsims\build\vs2013\obj\debug\pixhawkhilswarm\uav.obj
c:\users\derek\documents\github\swarmsim\openeaaglesswarmsims\pixhawkhilswarm\pixhawkhilswarm.ilk
c:\users\derek\documents\github\swarmsim\openeaaglesswarmsims\pixhawkhilswarm\pixhawkhilswarm.exe
c:\users\derek\documents\github\swarmsim\openeaaglesswarmsims\pixhawkhilswarm\pixhawkhilswarm.pdb
c:\users\derek\documents\github\swarmsim\openeaaglesswarmsims\build\vs2013\..\..\pixhawkhilswarm\pixhawkhilswarm.exe
c:\users\derek\documents\github\swarmsim\openeaaglesswarmsims\build\vs2013\obj\debug\pixhawkhilswarm\pixhawkhilswarm.tlog\cl.command.1.tlog
c:\users\derek\documents\github\swarmsim\openeaaglesswarmsims\build\vs2013\obj\debug\pixhawkhilswarm\pixhawkhilswarm.tlog\cl.read.1.tlog
c:\users\derek\documents\github\swarmsim\openeaaglesswarmsims\build\vs2013\obj\debug\pixhawkhilswarm\pixhawkhilswarm.tlog\cl.write.1.tlog
c:\users\derek\documents\github\swarmsim\openeaaglesswarmsims\build\vs2013\obj\debug\pixhawkhilswarm\pixhawkhilswarm.tlog\link.command.1.tlog
c:\users\derek\documents\github\swarmsim\openeaaglesswarmsims\build\vs2013\obj\debug\pixhawkhilswarm\pixhawkhilswarm.tlog\link.read.1.tlog
c:\users\derek\documents\github\swarmsim\openeaaglesswarmsims\build\vs2013\obj\debug\pixhawkhilswarm\pixhawkhilswarm.tlog\link.write.1.tlog
