c:\oe_20150908\openeaaglesswarmsims\build\vs2013\obj\debug\swarmdemo\vc120.pdb
c:\oe_20150908\openeaaglesswarmsims\build\vs2013\obj\debug\swarmdemo\vc120.idb
c:\oe_20150908\openeaaglesswarmsims\build\vs2013\obj\debug\swarmdemo\factory.obj
c:\oe_20150908\openeaaglesswarmsims\build\vs2013\obj\debug\swarmdemo\main.obj
c:\oe_20150908\openeaaglesswarmsims\build\vs2013\obj\debug\swarmdemo\onboardcontrolagent.obj
c:\oe_20150908\openeaaglesswarmsims\build\vs2013\obj\debug\swarmdemo\swarmap.obj
c:\oe_20150908\openeaaglesswarmsims\build\vs2013\obj\debug\swarmdemo\uav.obj
c:\users\derek\documents\github\swarmsim\openeaaglesswarmsims\build\vs2013\obj\debug\swarmdemo\vc120.pdb
c:\users\derek\documents\github\swarmsim\openeaaglesswarmsims\build\vs2013\obj\debug\swarmdemo\vc120.idb
c:\users\derek\documents\github\swarmsim\openeaaglesswarmsims\build\vs2013\obj\debug\swarmdemo\factory.obj
c:\users\derek\documents\github\swarmsim\openeaaglesswarmsims\build\vs2013\obj\debug\swarmdemo\main.obj
c:\users\derek\documents\github\swarmsim\openeaaglesswarmsims\build\vs2013\obj\debug\swarmdemo\onboardcontrolagent.obj
c:\users\derek\documents\github\swarmsim\openeaaglesswarmsims\build\vs2013\obj\debug\swarmdemo\swarmap.obj
c:\users\derek\documents\github\swarmsim\openeaaglesswarmsims\build\vs2013\obj\debug\swarmdemo\uav.obj
c:\users\derek\documents\github\swarmsim\openeaaglesswarmsims\build\vs2013\obj\debug\swarmdemo\simap.obj
c:\users\derek\documents\github\swarmsim\openeaaglesswarmsims\build\vs2013\obj\debug\swarmdemo\swarmautopilot.obj
c:\oe_20150908\openeaaglesswarmsims\swarmdemo\swarmdemo.ilk
c:\oe_20150908\openeaaglesswarmsims\swarmdemo\swarmdemo.exe
c:\oe_20150908\openeaaglesswarmsims\swarmdemo\swarmdemo.pdb
c:\users\derek\documents\github\swarmsim\openeaaglesswarmsims\swarmdemo\swarmdemo.ilk
c:\users\derek\documents\github\swarmsim\openeaaglesswarmsims\swarmdemo\swarmdemo.exe
c:\users\derek\documents\github\swarmsim\openeaaglesswarmsims\swarmdemo\swarmdemo.pdb
c:\users\derek\documents\github\swarmsim\openeaaglesswarmsims\build\vs2013\..\..\swarmdemo\swarmdemo.exe
c:\users\derek\documents\github\swarmsim\openeaaglesswarmsims\build\vs2013\obj\debug\swarmdemo\swarmdemo.tlog\cl.command.1.tlog
c:\users\derek\documents\github\swarmsim\openeaaglesswarmsims\build\vs2013\obj\debug\swarmdemo\swarmdemo.tlog\cl.read.1.tlog
c:\users\derek\documents\github\swarmsim\openeaaglesswarmsims\build\vs2013\obj\debug\swarmdemo\swarmdemo.tlog\cl.write.1.tlog
c:\users\derek\documents\github\swarmsim\openeaaglesswarmsims\build\vs2013\obj\debug\swarmdemo\swarmdemo.tlog\link.command.1.tlog
c:\users\derek\documents\github\swarmsim\openeaaglesswarmsims\build\vs2013\obj\debug\swarmdemo\swarmdemo.tlog\link.read.1.tlog
c:\users\derek\documents\github\swarmsim\openeaaglesswarmsims\build\vs2013\obj\debug\swarmdemo\swarmdemo.tlog\link.write.1.tlog
