Build started 12/28/2015 4:06:03 PM.
     1>Project "C:\Users\Derek\Documents\GitHub\SwarmSim\OpenEaaglesSwarmSims\build\vs2013\reynoldsVectorDemo.vcxproj" on node 3 (Build target(s)).
     1>ClCompile:
         C:\Program Files (x86)\Microsoft Visual Studio 12.0\VC\bin\CL.exe /c /I..\..\..\OpenEaagles\include /I..\..\..\OpenEaagles3rdParty\include /ZI /nologo /W3 /WX- /Od /Oy- /D WIN32 /D _DEBUG /D ZMQ_STATIC /D _CONSOLE /D _MBCS /Gm /EHsc /RTC1 /MDd /GS /fp:precise /Zc:wchar_t /Zc:forScope /Fo"obj\Debug\reynoldsVectorDemo\\" /Fd"obj\Debug\reynoldsVectorDemo\vc120.pdb" /Gd /TP /analyze- /errorReport:prompt /Oi ..\..\reynoldsVectorDemo\SimAP.cpp ..\..\reynoldsVectorDemo\main.cpp ..\..\swarmDemo\SwarmAutopilot.cpp
         SimAP.cpp
         Generating Code...
         Skipping... (no relevant changes detected)
         SwarmAutopilot.cpp
         main.cpp
       Link:
         C:\Program Files (x86)\Microsoft Visual Studio 12.0\VC\bin\link.exe /ERRORREPORT:PROMPT /OUT:"..\..\reynoldsVectorDemo\reynoldsVectorDemo.exe" /INCREMENTAL /NOLOGO /LIBPATH:..\..\..\OpenEaagles\lib\vs2013 /LIBPATH:"..\..\..\OpenEaagles3rdParty\lib\vs2013-32" oeBasic_d.lib oeBasicGL_d.lib oeDafif_d.lib oeDis_d.lib oeDynamics_d.lib oeGlut_d.lib oeInstruments_d.lib oeIoDevice_d.lib oeLinearSys_d.lib oeMaps_d.lib oeOtw_d.lib oeRecorder_d.lib oeSensors_d.lib oeSimulation_d.lib oeTerrain_d.lib JSBSim_d.lib libzmq_d.lib ftgl_d.lib freetype2_d.lib freeglut_d.lib glu32.lib opengl32.lib Ws2_32.lib Winmm.lib comctl32.lib gdi32.lib kernel32.lib user32.lib gdi32.lib winspool.lib comdlg32.lib advapi32.lib shell32.lib ole32.lib oleaut32.lib uuid.lib odbc32.lib odbccp32.lib /MANIFEST /MANIFESTUAC:"level='asInvoker' uiAccess='false'" /manifest:embed /DEBUG /PDB:"..\..\reynoldsVectorDemo\reynoldsVectorDemo.pdb" /SUBSYSTEM:CONSOLE /TLBID:1 /ENTRY:"mainCRTStartup" /DYNAMICBASE /NXCOMPAT /IMPLIB:"..\..\reynoldsVectorDemo\reynoldsVectorDemo.lib" /MACHINE:X86 obj\Debug\reynoldsVectorDemo\Factory.obj
         obj\Debug\reynoldsVectorDemo\main.obj
         obj\Debug\reynoldsVectorDemo\OnboardControlAgent.obj
         obj\Debug\reynoldsVectorDemo\SimAP.obj
         obj\Debug\reynoldsVectorDemo\UAV.obj
         obj\Debug\reynoldsVectorDemo\SwarmAutopilot.obj
         reynoldsVectorDemo.vcxproj -> C:\Users\Derek\Documents\GitHub\SwarmSim\OpenEaaglesSwarmSims\build\vs2013\..\..\reynoldsVectorDemo\reynoldsVectorDemo.exe
     1>Done Building Project "C:\Users\Derek\Documents\GitHub\SwarmSim\OpenEaaglesSwarmSims\build\vs2013\reynoldsVectorDemo.vcxproj" (Build target(s)).

Build succeeded.

Time Elapsed 00:00:05.77
