Build started 10/29/2015 1:12:57 PM.
     1>Project "C:\OE_20150908\OpenEaaglesSwarmSims\build\vs2013\pixhawkComm.vcxproj" on node 2 (Build target(s)).
     1>ClCompile:
         C:\Program Files (x86)\Microsoft Visual Studio 12.0\VC\bin\CL.exe /c /I..\..\..\OpenEaagles\include /I..\..\..\OpenEaagles3rdParty\include /ZI /nologo /W3 /WX- /Od /Oy- /D WIN32 /D _DEBUG /D ZMQ_STATIC /D _CONSOLE /D _MBCS /Gm /EHsc /RTC1 /MDd /GS /fp:precise /Zc:wchar_t /Zc:forScope /Fo"obj\Debug\pixhawkComm\\" /Fd"obj\Debug\pixhawkComm\vc120.pdb" /Gd /TP /analyze- /errorReport:prompt /Oi ..\..\pixhawkComm\main.cpp
         main.cpp
     1>c:\oe_20150908\openeaaglesswarmsims\pixhawkcomm\mavlink\mavlink_conversions.h(48): warning C4244: '=' : conversion from 'double' to 'float', possible loss of data
     1>c:\oe_20150908\openeaaglesswarmsims\pixhawkcomm\mavlink\mavlink_conversions.h(49): warning C4244: '=' : conversion from 'double' to 'float', possible loss of data
     1>c:\oe_20150908\openeaaglesswarmsims\pixhawkcomm\mavlink\mavlink_conversions.h(50): warning C4244: '=' : conversion from 'double' to 'float', possible loss of data
     1>c:\oe_20150908\openeaaglesswarmsims\pixhawkcomm\mavlink\mavlink_conversions.h(51): warning C4244: '=' : conversion from 'double' to 'float', possible loss of data
     1>c:\oe_20150908\openeaaglesswarmsims\pixhawkcomm\mavlink\mavlink_conversions.h(52): warning C4244: '=' : conversion from 'double' to 'float', possible loss of data
     1>c:\oe_20150908\openeaaglesswarmsims\pixhawkcomm\mavlink\mavlink_conversions.h(53): warning C4244: '=' : conversion from 'double' to 'float', possible loss of data
     1>c:\oe_20150908\openeaaglesswarmsims\pixhawkcomm\mavlink\mavlink_conversions.h(54): warning C4244: '=' : conversion from 'double' to 'float', possible loss of data
     1>c:\oe_20150908\openeaaglesswarmsims\pixhawkcomm\mavlink\mavlink_conversions.h(55): warning C4244: '=' : conversion from 'double' to 'float', possible loss of data
     1>c:\oe_20150908\openeaaglesswarmsims\pixhawkcomm\mavlink\mavlink_conversions.h(56): warning C4244: '=' : conversion from 'double' to 'float', possible loss of data
     1>c:\oe_20150908\openeaaglesswarmsims\pixhawkcomm\main.cpp(65): warning C4244: '=' : conversion from 'uint64_t' to 'uint8_t', possible loss of data
     1>c:\oe_20150908\openeaaglesswarmsims\pixhawkcomm\main.cpp(67): warning C4244: '=' : conversion from 'uint64_t' to 'uint8_t', possible loss of data
     1>c:\oe_20150908\openeaaglesswarmsims\pixhawkcomm\main.cpp(68): warning C4244: '=' : conversion from 'uint64_t' to 'uint8_t', possible loss of data
     1>c:\oe_20150908\openeaaglesswarmsims\pixhawkcomm\main.cpp(69): warning C4244: '=' : conversion from 'uint64_t' to 'uint8_t', possible loss of data
     1>c:\oe_20150908\openeaaglesswarmsims\pixhawkcomm\main.cpp(181): warning C4305: 'argument' : truncation from 'double' to 'float'
       Link:
         C:\Program Files (x86)\Microsoft Visual Studio 12.0\VC\bin\link.exe /ERRORREPORT:PROMPT /OUT:"..\..\pixhawkComm\pixhawkComm.exe" /INCREMENTAL /NOLOGO /LIBPATH:..\..\..\OpenEaagles\lib\vs2013 /LIBPATH:"..\..\..\OpenEaagles3rdParty\lib\vs2013-32" oeBasic_d.lib oeBasicGL_d.lib oeDafif_d.lib oeDis_d.lib oeDynamics_d.lib oeGlut_d.lib oeInstruments_d.lib oeIoDevice_d.lib oeLinearSys_d.lib oeMaps_d.lib oeOtw_d.lib oeRecorder_d.lib oeSensors_d.lib oeSimulation_d.lib oeTerrain_d.lib JSBSim_d.lib libzmq_d.lib ftgl_d.lib freetype2_d.lib freeglut_d.lib glu32.lib opengl32.lib Ws2_32.lib Winmm.lib comctl32.lib gdi32.lib kernel32.lib user32.lib gdi32.lib winspool.lib comdlg32.lib advapi32.lib shell32.lib ole32.lib oleaut32.lib uuid.lib odbc32.lib odbccp32.lib /MANIFEST /MANIFESTUAC:"level='asInvoker' uiAccess='false'" /manifest:embed /DEBUG /PDB:"..\..\pixhawkComm\pixhawkComm.pdb" /SUBSYSTEM:CONSOLE /TLBID:1 /ENTRY:"mainCRTStartup" /DYNAMICBASE /NXCOMPAT /IMPLIB:"..\..\pixhawkComm\pixhawkComm.lib" /MACHINE:X86 obj\Debug\pixhawkComm\coremag.obj
         obj\Debug\pixhawkComm\main.obj
         obj\Debug\pixhawkComm\Serial.obj
         pixhawkComm.vcxproj -> C:\OE_20150908\OpenEaaglesSwarmSims\build\vs2013\..\..\pixhawkComm\pixhawkComm.exe
     1>Done Building Project "C:\OE_20150908\OpenEaaglesSwarmSims\build\vs2013\pixhawkComm.vcxproj" (Build target(s)).

Build succeeded.

Time Elapsed 00:00:02.54
